Running: /usr/local/insa/Xilinx.ISE/13.4/ISE_DS/ISE/bin/lin64/unwrapped/fuse -intstyle ise -incremental -lib secureip -o /home/peraire/PSI/psi_processor/data_memory_test_isim_beh.exe -prj /home/peraire/PSI/psi_processor/data_memory_test_beh.prj work.data_memory_test 
ISim O.87xd (signature 0x8ddf5b5d)
Number of CPUs detected in this system: 48
Turning on mult-threading, number of parallel sub-compilation jobs: 96 
Determining compilation order of HDL files
Parsing VHDL file "/home/peraire/PSI/psi_processor/data_memory.vhd" into library work
Parsing VHDL file "/home/peraire/PSI/psi_processor/data_memory_test.vhd" into library work
Starting static elaboration
Completed static elaboration
Fuse Memory Usage: 98488 KB
Fuse CPU Usage: 1140 ms
Compiling package standard
Compiling package std_logic_1164
Compiling package std_logic_arith
Compiling package std_logic_unsigned
Compiling package numeric_std
Compiling architecture behavioral of entity data_memory [data_memory_default]
Compiling architecture behavior of entity data_memory_test
Time Resolution for simulation is 1ps.
Waiting for 1 sub-compilation(s) to finish...
Compiled 8 VHDL Units
Built simulation executable /home/peraire/PSI/psi_processor/data_memory_test_isim_beh.exe
Fuse Memory Usage: 6441540 KB
Fuse CPU Usage: 1330 ms
GCC CPU Usage: 240 ms
