Command line:
   alu_isim_beh.exe
     -simmode  gui
     -simrunnum  0
     -socket  53605

Sun May 10 17:52:24 2020


 Elaboration Time: 0.02 sec

 Current Memory Usage: 204.337 Meg

 Total Signals          : 9
 Total Nets             : 47
 Total Signal Drivers   : 6
 Total Blocks           : 5
 Total Primitive Blocks : 5
 Total Processes        : 6
 Total Traceable Variables  : 15
 Total Scalar Nets and Variables : 548
Total Line Count : 6

 Total Simulation Time: 0.04 sec

 Current Memory Usage: 279.839 Meg

Sun May 10 17:52:35 2020

